{"/Users/huangsizhe/workspace/post/ComputerScience/CodingLanguages/ES6_Tutorial/快速入门/code/c3/ex2/src/add.js":{"path":"/Users/huangsizhe/workspace/post/ComputerScience/CodingLanguages/ES6_Tutorial/快速入门/code/c3/ex2/src/add.js","s":{"1":1,"2":1,"3":1,"4":1},"b":{},"f":{"1":1},"fnMap":{"1":{"name":"add","line":12,"loc":{"start":{"line":7,"column":0},"end":{"line":7,"column":19}}}},"statementMap":{"1":{"start":{"line":0,"column":0},"end":{"line":0,"column":0},"skip":true},"2":{"start":{"line":7,"column":0},"end":{"line":7,"column":0}},"3":{"start":{"line":8,"column":2},"end":{"line":7,"column":19}},"4":{"start":{"line":0,"column":0},"end":{"line":0,"column":0},"skip":true}},"branchMap":{}}}